[0601/013436.745:ERROR:process_info.cc(359)] UncheckedAllocate
[0601/013649.420:ERROR:process_info.cc(359)] UncheckedAllocate
[0601/013915.994:ERROR:process_info.cc(359)] UncheckedAllocate
[0601/013916.283:ERROR:process_reader_win.cc(151)] SuspendThread: Access is denied. (0x5)
[0601/013916.284:ERROR:process_reader_win.cc(151)] SuspendThread: Access is denied. (0x5)
[0601/013916.284:ERROR:process_reader_win.cc(151)] SuspendThread: Access is denied. (0x5)
[0601/013916.284:ERROR:exception_snapshot_win.cc(98)] thread ID 8472 not found in process
[0601/013916.297:ERROR:process_memory_win.cc(73)] ReadMemory at 0x7ff637e70000 of 64 bytes failed: Only part of a ReadProcessMemory or WriteProcessMemory request was completed. (0x12B)
[0601/013916.298:WARNING:pe_image_reader.cc(340)] could not read dos header from C:\Program Files (x86)\Google\Chrome\Application\chrome.exe
[0601/013916.298:ERROR:process_memory_win.cc(73)] ReadMemory at 0x7ff88cb50000 of 64 bytes failed: Only part of a ReadProcessMemory or WriteProcessMemory request was completed. (0x12B)
[0601/013916.298:WARNING:pe_image_reader.cc(340)] could not read dos header from C:\WINDOWS\SYSTEM32\apphelp.dll
[0601/013916.299:ERROR:process_memory_win.cc(73)] ReadMemory at 0x7ff88ebb01f8 of 40 bytes failed: Only part of a ReadProcessMemory or WriteProcessMemory request was completed. (0x12B)
[0601/013916.299:WARNING:pe_image_reader.cc(392)] could not read section 0 from C:\WINDOWS\System32\bcryptPrimitives.dll
[0601/013916.299:ERROR:process_memory_win.cc(73)] ReadMemory at 0x7ff88ee20000 of 64 bytes failed: Only part of a ReadProcessMemory or WriteProcessMemory request was completed. (0x12B)
[0601/013916.299:WARNING:pe_image_reader.cc(340)] could not read dos header from C:\WINDOWS\System32\gdi32full.dll
[0601/013916.299:ERROR:process_memory_win.cc(73)] ReadMemory at 0x7ff88efc0000 of 64 bytes failed: Only part of a ReadProcessMemory or WriteProcessMemory request was completed. (0x12B)
[0601/013916.299:WARNING:pe_image_reader.cc(340)] could not read dos header from C:\WINDOWS\System32\win32u.dll
[0601/013916.300:ERROR:process_memory_win.cc(73)] ReadMemory at 0x7ff88ea90000 of 64 bytes failed: Only part of a ReadProcessMemory or WriteProcessMemory request was completed. (0x12B)
[0601/013916.300:WARNING:pe_image_reader.cc(340)] could not read dos header from C:\WINDOWS\System32\kernel.appcore.dll
[0601/013916.300:ERROR:process_memory_win.cc(73)] ReadMemory at 0x7ff88ea70000 of 64 bytes failed: Only part of a ReadProcessMemory or WriteProcessMemory request was completed. (0x12B)
[0601/013916.300:WARNING:pe_image_reader.cc(340)] could not read dos header from C:\WINDOWS\System32\profapi.dll
[0601/013916.300:ERROR:process_memory_win.cc(73)] ReadMemory at 0x7ff88ea20000 of 64 bytes failed: Only part of a ReadProcessMemory or WriteProcessMemory request was completed. (0x12B)
[0601/013916.300:WARNING:pe_image_reader.cc(340)] could not read dos header from C:\WINDOWS\System32\powrprof.dll
[0601/013916.300:ERROR:process_memory_win.cc(73)] ReadMemory at 0x7ff88e9f0000 of 64 bytes failed: Only part of a ReadProcessMemory or WriteProcessMemory request was completed. (0x12B)
[0601/013916.300:WARNING:pe_image_reader.cc(340)] could not read dos header from C:\WINDOWS\System32\FLTLIB.DLL
[0601/013916.300:ERROR:process_memory_win.cc(73)] ReadMemory at 0x7ff85cd70000 of 64 bytes failed: Only part of a ReadProcessMemory or WriteProcessMemory request was completed. (0x12B)
[0601/013916.300:WARNING:pe_image_reader.cc(340)] could not read dos header from C:\Program Files (x86)\Google\Chrome\Application\74.0.3729.169\chrome_elf.dll
[0601/013916.300:ERROR:process_memory_win.cc(73)] ReadMemory at 0x7ff8898a0000 of 64 bytes failed: Only part of a ReadProcessMemory or WriteProcessMemory request was completed. (0x12B)
[0601/013916.300:WARNING:pe_image_reader.cc(340)] could not read dos header from C:\WINDOWS\SYSTEM32\VERSION.dll
[0601/013916.300:ERROR:process_memory_win.cc(73)] ReadMemory at 0x7ff8825c0000 of 64 bytes failed: Only part of a ReadProcessMemory or WriteProcessMemory request was completed. (0x12B)
[0601/013916.301:WARNING:pe_image_reader.cc(340)] could not read dos header from C:\WINDOWS\SYSTEM32\WINMM.dll
[0601/013916.301:ERROR:process_memory_win.cc(73)] ReadMemory at 0x7ff88e920000 of 64 bytes failed: Only part of a ReadProcessMemory or WriteProcessMemory request was completed. (0x12B)
[0601/013916.301:WARNING:pe_image_reader.cc(340)] could not read dos header from C:\WINDOWS\SYSTEM32\USERENV.dll
[0601/013916.301:ERROR:process_memory_win.cc(73)] ReadMemory at 0x7ff8823f0000 of 64 bytes failed: Only part of a ReadProcessMemory or WriteProcessMemory request was completed. (0x12B)
[0601/013916.301:WARNING:pe_image_reader.cc(340)] could not read dos header from C:\WINDOWS\SYSTEM32\WINMMBASE.dll
[0601/013916.301:ERROR:process_memory_win.cc(73)] ReadMemory at 0x7ff88e440000 of 64 bytes failed: Only part of a ReadProcessMemory or WriteProcessMemory request was completed. (0x12B)
[0601/013916.301:WARNING:pe_image_reader.cc(340)] could not read dos header from C:\WINDOWS\SYSTEM32\CRYPTBASE.DLL
[0601/013916.301:ERROR:process_memory_win.cc(73)] ReadMemory at 0x7ff88fca0000 of 64 bytes failed: Only part of a ReadProcessMemory or WriteProcessMemory request was completed. (0x12B)
[0601/013916.301:WARNING:pe_image_reader.cc(340)] could not read dos header from C:\WINDOWS\System32\IMM32.DLL
[0601/013916.301:ERROR:process_memory_win.cc(73)] ReadMemory at 0x7ff83a960000 of 64 bytes failed: Only part of a ReadProcessMemory or WriteProcessMemory request was completed. (0x12B)
[0601/013916.301:WARNING:pe_image_reader.cc(340)] could not read dos header from C:\Program Files (x86)\Google\Chrome\Application\74.0.3729.169\chrome_child.dll
[0601/013916.301:ERROR:process_memory_win.cc(73)] ReadMemory at 0x7ff891b40000 of 64 bytes failed: Only part of a ReadProcessMemory or WriteProcessMemory request was completed. (0x12B)
[0601/013916.301:WARNING:pe_image_reader.cc(340)] could not read dos header from C:\WINDOWS\System32\WS2_32.dll
[0601/013916.302:ERROR:process_memory_win.cc(73)] ReadMemory at 0x7ff8915b0000 of 64 bytes failed: Only part of a ReadProcessMemory or WriteProcessMemory request was completed. (0x12B)
[0601/013916.302:WARNING:pe_image_reader.cc(340)] could not read dos header from C:\WINDOWS\System32\ole32.dll
[0601/013916.302:ERROR:process_memory_win.cc(73)] ReadMemory at 0x7ff891440000 of 64 bytes failed: Only part of a ReadProcessMemory or WriteProcessMemory request was completed. (0x12B)
[0601/013916.302:WARNING:pe_image_reader.cc(340)] could not read dos header from C:\WINDOWS\System32\OLEAUT32.dll
[0601/013916.302:ERROR:process_memory_win.cc(73)] ReadMemory at 0x7ff88fa20000 of 64 bytes failed: Only part of a ReadProcessMemory or WriteProcessMemory request was completed. (0x12B)
[0601/013916.302:WARNING:pe_image_reader.cc(340)] could not read dos header from C:\WINDOWS\System32\WINTRUST.dll
[0601/013916.303:ERROR:process_memory_win.cc(73)] ReadMemory at 0x7ff88ea00000 of 64 bytes failed: Only part of a ReadProcessMemory or WriteProcessMemory request was completed. (0x12B)
[0601/013916.303:WARNING:pe_image_reader.cc(340)] could not read dos header from C:\WINDOWS\System32\MSASN1.dll
[0601/013916.303:ERROR:process_memory_win.cc(73)] ReadMemory at 0x7ff88ec30000 of 64 bytes failed: Only part of a ReadProcessMemory or WriteProcessMemory request was completed. (0x12B)
[0601/013916.303:WARNING:pe_image_reader.cc(340)] could not read dos header from C:\WINDOWS\System32\CRYPT32.dll
[0601/013916.303:ERROR:process_memory_win.cc(73)] ReadMemory at 0x7ff88dff0000 of 64 bytes failed: Only part of a ReadProcessMemory or WriteProcessMemory request was completed. (0x12B)
[0601/013916.303:WARNING:pe_image_reader.cc(340)] could not read dos header from C:\WINDOWS\SYSTEM32\IPHLPAPI.DLL
[0601/013916.303:ERROR:process_memory_win.cc(73)] ReadMemory at 0x7ff87dcc0000 of 64 bytes failed: Only part of a ReadProcessMemory or WriteProcessMemory request was completed. (0x12B)
[0601/013916.303:WARNING:pe_image_reader.cc(340)] could not read dos header from C:\WINDOWS\SYSTEM32\OLEACC.dll
[0601/013916.303:ERROR:process_memory_win.cc(73)] ReadMemory at 0x7ff865880000 of 64 bytes failed: Only part of a ReadProcessMemory or WriteProcessMemory request was completed. (0x12B)
[0601/013916.303:WARNING:pe_image_reader.cc(340)] could not read dos header from C:\WINDOWS\SYSTEM32\UIAutomationCore.DLL
[0601/013916.303:ERROR:process_memory_win.cc(73)] ReadMemory at 0x7ff88a8e0000 of 64 bytes failed: Only part of a ReadProcessMemory or WriteProcessMemory request was completed. (0x12B)
[0601/013916.303:WARNING:pe_image_reader.cc(340)] could not read dos header from C:\WINDOWS\SYSTEM32\WTSAPI32.dll
[0601/013916.304:ERROR:process_memory_win.cc(73)] ReadMemory at 0x7ff879c80000 of 64 bytes failed: Only part of a ReadProcessMemory or WriteProcessMemory request was completed. (0x12B)
[0601/013916.304:WARNING:pe_image_reader.cc(340)] could not read dos header from C:\WINDOWS\SYSTEM32\DWrite.dll
[0601/013916.304:ERROR:process_memory_win.cc(73)] ReadMemory at 0x7ff88d7b0000 of 64 bytes failed: Only part of a ReadProcessMemory or WriteProcessMemory request was completed. (0x12B)
[0601/013916.304:WARNING:pe_image_reader.cc(340)] could not read dos header from C:\WINDOWS\SYSTEM32\dxgi.dll
[0601/013916.304:ERROR:process_memory_win.cc(73)] ReadMemory at 0x7ff87f8e0000 of 64 bytes failed: Only part of a ReadProcessMemory or WriteProcessMemory request was completed. (0x12B)
[0601/013916.304:WARNING:pe_image_reader.cc(340)] could not read dos header from C:\WINDOWS\SYSTEM32\WINSPOOL.DRV
[0601/013916.304:ERROR:process_memory_win.cc(73)] ReadMemory at 0x7ff88d540000 of 64 bytes failed: Only part of a ReadProcessMemory or WriteProcessMemory request was completed. (0x12B)
[0601/013916.304:WARNING:pe_image_reader.cc(340)] could not read dos header from C:\WINDOWS\SYSTEM32\dbghelp.dll
[0601/013916.304:ERROR:process_memory_win.cc(73)] ReadMemory at 0x7ff885ed0000 of 64 bytes failed: Only part of a ReadProcessMemory or WriteProcessMemory request was completed. (0x12B)
[0601/013916.304:WARNING:pe_image_reader.cc(340)] could not read dos header from C:\WINDOWS\WinSxS\amd64_microsoft.windows.common-controls_6595b64144ccf1df_6.0.17134.799_none_fb46a2653061bee5\COMCTL32.dll
[0601/013916.304:ERROR:process_memory_win.cc(73)] ReadMemory at 0x7ff87a2a0000 of 64 bytes failed: Only part of a ReadProcessMemory or WriteProcessMemory request was completed. (0x12B)
[0601/013916.304:WARNING:pe_image_reader.cc(340)] could not read dos header from C:\WINDOWS\SYSTEM32\USP10.dll
[0601/013916.304:ERROR:process_memory_win.cc(73)] ReadMemory at 0x7ff889230000 of 64 bytes failed: Only part of a ReadProcessMemory or WriteProcessMemory request was completed. (0x12B)
[0601/013916.305:WARNING:pe_image_reader.cc(340)] could not read dos header from C:\WINDOWS\SYSTEM32\WINHTTP.dll
[0601/013916.305:ERROR:process_memory_win.cc(73)] ReadMemory at 0x7ff886be0000 of 64 bytes failed: Only part of a ReadProcessMemory or WriteProcessMemory request was completed. (0x12B)
[0601/013916.305:WARNING:pe_image_reader.cc(340)] could not read dos header from C:\WINDOWS\SYSTEM32\urlmon.dll
[0601/013916.305:ERROR:process_memory_win.cc(73)] ReadMemory at 0x7ff884130000 of 64 bytes failed: Only part of a ReadProcessMemory or WriteProcessMemory request was completed. (0x12B)
[0601/013916.305:WARNING:pe_image_reader.cc(340)] could not read dos header from C:\WINDOWS\SYSTEM32\Secur32.dll
[0601/013916.305:ERROR:process_memory_win.cc(73)] ReadMemory at 0x7ff889810000 of 64 bytes failed: Only part of a ReadProcessMemory or WriteProcessMemory request was completed. (0x12B)
[0601/013916.305:WARNING:pe_image_reader.cc(340)] could not read dos header from C:\WINDOWS\SYSTEM32\dhcpcsvc.DLL
[0601/013916.305:ERROR:process_memory_win.cc(73)] ReadMemory at 0x7ff8918a0000 of 64 bytes failed: Only part of a ReadProcessMemory or WriteProcessMemory request was completed. (0x12B)
[0601/013916.305:WARNING:pe_image_reader.cc(340)] could not read dos header from C:\WINDOWS\System32\NSI.dll
[0601/013916.305:ERROR:process_memory_win.cc(73)] ReadMemory at 0x7ff888e90000 of 64 bytes failed: Only part of a ReadProcessMemory or WriteProcessMemory request was completed. (0x12B)
[0601/013916.305:WARNING:pe_image_reader.cc(340)] could not read dos header from C:\WINDOWS\SYSTEM32\PROPSYS.dll
[0601/013916.305:ERROR:process_memory_win.cc(73)] ReadMemory at 0x7ff88e550000 of 64 bytes failed: Only part of a ReadProcessMemory or WriteProcessMemory request was completed. (0x12B)
[0601/013916.305:WARNING:pe_image_reader.cc(340)] could not read dos header from C:\WINDOWS\SYSTEM32\bcrypt.dll
[0601/013916.306:ERROR:process_memory_win.cc(73)] ReadMemory at 0x7ff8844e0000 of 64 bytes failed: Only part of a ReadProcessMemory or WriteProcessMemory request was completed. (0x12B)
[0601/013916.306:WARNING:pe_image_reader.cc(340)] could not read dos header from C:\WINDOWS\SYSTEM32\iertutil.dll
[0601/013916.306:ERROR:process_memory_win.cc(73)] ReadMemory at 0x7ff88e8f0000 of 64 bytes failed: Only part of a ReadProcessMemory or WriteProcessMemory request was completed. (0x12B)
[0601/013916.306:WARNING:pe_image_reader.cc(340)] could not read dos header from C:\WINDOWS\SYSTEM32\SSPICLI.DLL
[0601/013916.315:ERROR:process_info.cc(329)] VirtualQueryEx: Access is denied. (0x5)
[0601/013916.315:ERROR:process_info.cc(550)] ReadMemoryInfo failed
[0601/013916.315:ERROR:process_memory_win.cc(39)] Failed to initialize ProcessInfo.
[0601/013916.315:ERROR:scoped_process_suspend.cc(40)] NtResumeProcess: An attempt was made to access an exiting process. (0xc000010a)
[0601/013916.327:ERROR:process_memory_win.cc(73)] ReadMemory at 0x5d8bdfb000 of 20480 bytes failed: Only part of a ReadProcessMemory or WriteProcessMemory request was completed. (0x12B)
[0601/013916.328:ERROR:process_memory_win.cc(73)] ReadMemory at 0x5d8bfff000 of 4096 bytes failed: Only part of a ReadProcessMemory or WriteProcessMemory request was completed. (0x12B)
[0601/013916.328:ERROR:process_memory_win.cc(73)] ReadMemory at 0x5d8c1fd000 of 12288 bytes failed: Only part of a ReadProcessMemory or WriteProcessMemory request was completed. (0x12B)
[0601/013916.328:ERROR:process_memory_win.cc(73)] ReadMemory at 0x5d8c3fd000 of 12288 bytes failed: Only part of a ReadProcessMemory or WriteProcessMemory request was completed. (0x12B)
[0601/013916.328:ERROR:process_memory_win.cc(73)] ReadMemory at 0x5d8c5fd000 of 12288 bytes failed: Only part of a ReadProcessMemory or WriteProcessMemory request was completed. (0x12B)
[0601/013916.328:ERROR:process_memory_win.cc(73)] ReadMemory at 0x5d8c7fd000 of 12288 bytes failed: Only part of a ReadProcessMemory or WriteProcessMemory request was completed. (0x12B)
[0601/013916.329:ERROR:process_memory_win.cc(73)] ReadMemory at 0x5d8c9fe000 of 8192 bytes failed: Only part of a ReadProcessMemory or WriteProcessMemory request was completed. (0x12B)
[0601/013916.329:ERROR:process_memory_win.cc(73)] ReadMemory at 0x5d8cbfd000 of 12288 bytes failed: Only part of a ReadProcessMemory or WriteProcessMemory request was completed. (0x12B)
[0601/013916.329:ERROR:process_memory_win.cc(73)] ReadMemory at 0x5d8ba6b000 of 852 bytes failed: Only part of a ReadProcessMemory or WriteProcessMemory request was completed. (0x12B)
[0601/013916.329:ERROR:process_memory_win.cc(73)] ReadMemory at 0x5d8ba6c000 of 6024 bytes failed: Only part of a ReadProcessMemory or WriteProcessMemory request was completed. (0x12B)
[0601/013916.329:ERROR:process_memory_win.cc(73)] ReadMemory at 0x5d8ba6e000 of 6024 bytes failed: Only part of a ReadProcessMemory or WriteProcessMemory request was completed. (0x12B)
[0601/013916.330:ERROR:process_memory_win.cc(73)] ReadMemory at 0x5d8ba70000 of 6024 bytes failed: Only part of a ReadProcessMemory or WriteProcessMemory request was completed. (0x12B)
[0601/013916.330:ERROR:process_memory_win.cc(73)] ReadMemory at 0x5d8ba72000 of 6024 bytes failed: Only part of a ReadProcessMemory or WriteProcessMemory request was completed. (0x12B)
[0601/013916.330:ERROR:process_memory_win.cc(73)] ReadMemory at 0x5d8ba74000 of 6024 bytes failed: Only part of a ReadProcessMemory or WriteProcessMemory request was completed. (0x12B)
[0601/013916.330:ERROR:process_memory_win.cc(73)] ReadMemory at 0x5d8ba76000 of 6024 bytes failed: Only part of a ReadProcessMemory or WriteProcessMemory request was completed. (0x12B)
[0601/013916.330:ERROR:process_memory_win.cc(73)] ReadMemory at 0x5d8ba78000 of 6024 bytes failed: Only part of a ReadProcessMemory or WriteProcessMemory request was completed. (0x12B)
[0601/013916.331:ERROR:process_memory_win.cc(73)] ReadMemory at 0x5d8ba7a000 of 6024 bytes failed: Only part of a ReadProcessMemory or WriteProcessMemory request was completed. (0x12B)
[0601/013916.331:ERROR:process_memory_win.cc(73)] ReadMemory at 0x1cbf39d0ab0 of 512 bytes failed: Only part of a ReadProcessMemory or WriteProcessMemory request was completed. (0x12B)
[0601/013916.331:ERROR:process_memory_win.cc(73)] ReadMemory at 0x1cbf39d0fc0 of 11026 bytes failed: Only part of a ReadProcessMemory or WriteProcessMemory request was completed. (0x12B)
[0601/013916.331:ERROR:process_memory_win.cc(73)] ReadMemory at 0x1cbf39d3ae0 of 1012 bytes failed: Only part of a ReadProcessMemory or WriteProcessMemory request was completed. (0x12B)
[0601/013916.331:ERROR:process_memory_win.cc(73)] ReadMemory at 0x1cbf39d40f8 of 118 bytes failed: Only part of a ReadProcessMemory or WriteProcessMemory request was completed. (0x12B)
[0601/013916.331:ERROR:process_memory_win.cc(73)] ReadMemory at 0x1cbf39d4170 of 964 bytes failed: Only part of a ReadProcessMemory or WriteProcessMemory request was completed. (0x12B)
[0601/013916.331:ERROR:process_memory_win.cc(73)] ReadMemory at 0x1cbf39d4536 of 118 bytes failed: Only part of a ReadProcessMemory or WriteProcessMemory request was completed. (0x12B)
[0601/013916.332:ERROR:process_memory_win.cc(73)] ReadMemory at 0x1cbf39d45ae of 96 bytes failed: Only part of a ReadProcessMemory or WriteProcessMemory request was completed. (0x12B)
[0601/013916.332:ERROR:process_memory_win.cc(73)] ReadMemory at 0x1cbf39d4620 of 58 bytes failed: Only part of a ReadProcessMemory or WriteProcessMemory request was completed. (0x12B)
[0601/013916.332:ERROR:process_memory_win.cc(73)] ReadMemory at 0x1cbf39d4720 of 132 bytes failed: Only part of a ReadProcessMemory or WriteProcessMemory request was completed. (0x12B)
[0601/013916.332:ERROR:process_memory_win.cc(73)] ReadMemory at 0x1cbf39d48b0 of 132 bytes failed: Only part of a ReadProcessMemory or WriteProcessMemory request was completed. (0x12B)
[0601/013916.332:ERROR:process_memory_win.cc(73)] ReadMemory at 0x1cbf39d4a70 of 126 bytes failed: Only part of a ReadProcessMemory or WriteProcessMemory request was completed. (0x12B)
[0601/013916.332:ERROR:process_memory_win.cc(73)] ReadMemory at 0x1cbf39d4e50 of 132 bytes failed: Only part of a ReadProcessMemory or WriteProcessMemory request was completed. (0x12B)
[0601/013916.332:ERROR:process_memory_win.cc(73)] ReadMemory at 0x1cbf39d4fe0 of 64 bytes failed: Only part of a ReadProcessMemory or WriteProcessMemory request was completed. (0x12B)
[0601/013916.332:ERROR:process_memory_win.cc(73)] ReadMemory at 0x1cbf39d5140 of 132 bytes failed: Only part of a ReadProcessMemory or WriteProcessMemory request was completed. (0x12B)
[0601/013916.333:ERROR:process_memory_win.cc(73)] ReadMemory at 0x1cbf39d5340 of 62 bytes failed: Only part of a ReadProcessMemory or WriteProcessMemory request was completed. (0x12B)
[0601/013916.333:ERROR:process_memory_win.cc(73)] ReadMemory at 0x1cbf39d5430 of 132 bytes failed: Only part of a ReadProcessMemory or WriteProcessMemory request was completed. (0x12B)
[0601/013916.333:ERROR:process_memory_win.cc(73)] ReadMemory at 0x1cbf39d55c0 of 68 bytes failed: Only part of a ReadProcessMemory or WriteProcessMemory request was completed. (0x12B)
[0601/013916.333:ERROR:process_memory_win.cc(73)] ReadMemory at 0x1cbf39dba00 of 132 bytes failed: Only part of a ReadProcessMemory or WriteProcessMemory request was completed. (0x12B)
[0601/013916.333:ERROR:process_memory_win.cc(73)] ReadMemory at 0x1cbf39dbc40 of 132 bytes failed: Only part of a ReadProcessMemory or WriteProcessMemory request was completed. (0x12B)
[0601/013916.333:ERROR:process_memory_win.cc(73)] ReadMemory at 0x1cbf39dbdd0 of 62 bytes failed: Only part of a ReadProcessMemory or WriteProcessMemory request was completed. (0x12B)
[0601/013916.333:ERROR:process_memory_win.cc(73)] ReadMemory at 0x1cbf39dd550 of 132 bytes failed: Only part of a ReadProcessMemory or WriteProcessMemory request was completed. (0x12B)
[0601/013916.333:ERROR:process_memory_win.cc(73)] ReadMemory at 0x1cbf39dd6e0 of 60 bytes failed: Only part of a ReadProcessMemory or WriteProcessMemory request was completed. (0x12B)
[0601/013916.334:ERROR:process_memory_win.cc(73)] ReadMemory at 0x1cbf39dd930 of 132 bytes failed: Only part of a ReadProcessMemory or WriteProcessMemory request was completed. (0x12B)
[0601/013916.334:ERROR:process_memory_win.cc(73)] ReadMemory at 0x1cbf39ddac0 of 64 bytes failed: Only part of a ReadProcessMemory or WriteProcessMemory request was completed. (0x12B)
[0601/013916.334:ERROR:process_memory_win.cc(73)] ReadMemory at 0x1cbf39ddd40 of 132 bytes failed: Only part of a ReadProcessMemory or WriteProcessMemory request was completed. (0x12B)
[0601/013916.334:ERROR:process_memory_win.cc(73)] ReadMemory at 0x1cbf39dded0 of 64 bytes failed: Only part of a ReadProcessMemory or WriteProcessMemory request was completed. (0x12B)
[0601/013916.334:ERROR:process_memory_win.cc(73)] ReadMemory at 0x1cbf39de130 of 132 bytes failed: Only part of a ReadProcessMemory or WriteProcessMemory request was completed. (0x12B)
[0601/013916.334:ERROR:process_memory_win.cc(73)] ReadMemory at 0x1cbf39de2c0 of 60 bytes failed: Only part of a ReadProcessMemory or WriteProcessMemory request was completed. (0x12B)
[0601/013916.334:ERROR:process_memory_win.cc(73)] ReadMemory at 0x1cbf39de5e0 of 132 bytes failed: Only part of a ReadProcessMemory or WriteProcessMemory request was completed. (0x12B)
[0601/013916.334:ERROR:process_memory_win.cc(73)] ReadMemory at 0x1cbf39de770 of 60 bytes failed: Only part of a ReadProcessMemory or WriteProcessMemory request was completed. (0x12B)
[0601/013916.335:ERROR:process_memory_win.cc(73)] ReadMemory at 0x1cbf39de9b0 of 132 bytes failed: Only part of a ReadProcessMemory or WriteProcessMemory request was completed. (0x12B)
[0601/013916.335:ERROR:process_memory_win.cc(73)] ReadMemory at 0x1cbf39deb40 of 62 bytes failed: Only part of a ReadProcessMemory or WriteProcessMemory request was completed. (0x12B)
[0601/013916.335:ERROR:process_memory_win.cc(73)] ReadMemory at 0x1cbf39df690 of 132 bytes failed: Only part of a ReadProcessMemory or WriteProcessMemory request was completed. (0x12B)
[0601/013916.335:ERROR:process_memory_win.cc(73)] ReadMemory at 0x1cbf39dfa50 of 76 bytes failed: Only part of a ReadProcessMemory or WriteProcessMemory request was completed. (0x12B)
[0601/013916.335:ERROR:process_memory_win.cc(73)] ReadMemory at 0x1cbf39dfb70 of 78 bytes failed: Only part of a ReadProcessMemory or WriteProcessMemory request was completed. (0x12B)
[0601/013916.335:ERROR:process_memory_win.cc(73)] ReadMemory at 0x1cbf39dff90 of 80 bytes failed: Only part of a ReadProcessMemory or WriteProcessMemory request was completed. (0x12B)
[0601/013916.335:ERROR:process_memory_win.cc(73)] ReadMemory at 0x1cbf39e01c0 of 132 bytes failed: Only part of a ReadProcessMemory or WriteProcessMemory request was completed. (0x12B)
[0601/013916.335:ERROR:process_memory_win.cc(73)] ReadMemory at 0x1cbf39e0270 of 512 bytes failed: Only part of a ReadProcessMemory or WriteProcessMemory request was completed. (0x12B)
[0601/013916.336:ERROR:process_memory_win.cc(73)] ReadMemory at 0x1cbf39e06a0 of 132 bytes failed: Only part of a ReadProcessMemory or WriteProcessMemory request was completed. (0x12B)
[0601/013916.336:ERROR:process_memory_win.cc(73)] ReadMemory at 0x1cbf39e0820 of 66 bytes failed: Only part of a ReadProcessMemory or WriteProcessMemory request was completed. (0x12B)
[0601/013916.336:ERROR:process_memory_win.cc(73)] ReadMemory at 0x1cbf39e0870 of 64 bytes failed: Only part of a ReadProcessMemory or WriteProcessMemory request was completed. (0x12B)
[0601/013916.336:ERROR:process_memory_win.cc(73)] ReadMemory at 0x1cbf39e08c0 of 60 bytes failed: Only part of a ReadProcessMemory or WriteProcessMemory request was completed. (0x12B)
[0601/013916.336:ERROR:process_memory_win.cc(73)] ReadMemory at 0x1cbf39e0960 of 60 bytes failed: Only part of a ReadProcessMemory or WriteProcessMemory request was completed. (0x12B)
[0601/013916.336:ERROR:process_memory_win.cc(73)] ReadMemory at 0x1cbf39e09b0 of 60 bytes failed: Only part of a ReadProcessMemory or WriteProcessMemory request was completed. (0x12B)
[0601/013916.336:ERROR:process_memory_win.cc(73)] ReadMemory at 0x1cbf39e0aa0 of 58 bytes failed: Only part of a ReadProcessMemory or WriteProcessMemory request was completed. (0x12B)
[0601/013916.337:ERROR:process_memory_win.cc(73)] ReadMemory at 0x1cbf39e0be0 of 62 bytes failed: Only part of a ReadProcessMemory or WriteProcessMemory request was completed. (0x12B)
[0601/013916.337:ERROR:process_memory_win.cc(73)] ReadMemory at 0x1cbf39e0c30 of 66 bytes failed: Only part of a ReadProcessMemory or WriteProcessMemory request was completed. (0x12B)
[0601/013916.337:ERROR:process_memory_win.cc(73)] ReadMemory at 0x1cbf39e0c80 of 62 bytes failed: Only part of a ReadProcessMemory or WriteProcessMemory request was completed. (0x12B)
[0601/013916.337:ERROR:process_memory_win.cc(73)] ReadMemory at 0x1cbf39e0cd0 of 64 bytes failed: Only part of a ReadProcessMemory or WriteProcessMemory request was completed. (0x12B)
[0601/013916.337:ERROR:process_memory_win.cc(73)] ReadMemory at 0x1cbf39e0d20 of 62 bytes failed: Only part of a ReadProcessMemory or WriteProcessMemory request was completed. (0x12B)
[0601/013916.337:ERROR:process_memory_win.cc(73)] ReadMemory at 0x1cbf39e0e10 of 58 bytes failed: Only part of a ReadProcessMemory or WriteProcessMemory request was completed. (0x12B)
[0601/013916.337:ERROR:process_memory_win.cc(73)] ReadMemory at 0x1cbf39e0e60 of 62 bytes failed: Only part of a ReadProcessMemory or WriteProcessMemory request was completed. (0x12B)
[0601/013916.337:ERROR:process_memory_win.cc(73)] ReadMemory at 0x1cbf39e0eb0 of 66 bytes failed: Only part of a ReadProcessMemory or WriteProcessMemory request was completed. (0x12B)
[0601/013916.337:ERROR:process_memory_win.cc(73)] ReadMemory at 0x1cbf39e0f00 of 62 bytes failed: Only part of a ReadProcessMemory or WriteProcessMemory request was completed. (0x12B)
[0601/013916.338:ERROR:process_memory_win.cc(73)] ReadMemory at 0x1cbf39e2100 of 132 bytes failed: Only part of a ReadProcessMemory or WriteProcessMemory request was completed. (0x12B)
[0601/013916.338:ERROR:process_memory_win.cc(73)] ReadMemory at 0x1cbf39e2230 of 158 bytes failed: Only part of a ReadProcessMemory or WriteProcessMemory request was completed. (0x12B)
[0601/013916.338:ERROR:process_memory_win.cc(73)] ReadMemory at 0x1cbf39e2350 of 132 bytes failed: Only part of a ReadProcessMemory or WriteProcessMemory request was completed. (0x12B)
[0601/013916.338:ERROR:process_memory_win.cc(73)] ReadMemory at 0x1cbf39e2480 of 132 bytes failed: Only part of a ReadProcessMemory or WriteProcessMemory request was completed. (0x12B)
[0601/013916.338:ERROR:process_memory_win.cc(73)] ReadMemory at 0x1cbf39e25b0 of 132 bytes failed: Only part of a ReadProcessMemory or WriteProcessMemory request was completed. (0x12B)
[0601/013916.338:ERROR:process_memory_win.cc(73)] ReadMemory at 0x1cbf39e26e0 of 132 bytes failed: Only part of a ReadProcessMemory or WriteProcessMemory request was completed. (0x12B)
[0601/013916.338:ERROR:process_memory_win.cc(73)] ReadMemory at 0x1cbf39e2810 of 132 bytes failed: Only part of a ReadProcessMemory or WriteProcessMemory request was completed. (0x12B)
[0601/013916.339:ERROR:process_memory_win.cc(73)] ReadMemory at 0x1cbf39e2940 of 132 bytes failed: Only part of a ReadProcessMemory or WriteProcessMemory request was completed. (0x12B)
[0601/013916.339:ERROR:process_memory_win.cc(73)] ReadMemory at 0x1cbf39e2a70 of 132 bytes failed: Only part of a ReadProcessMemory or WriteProcessMemory request was completed. (0x12B)
[0601/013916.339:ERROR:process_memory_win.cc(73)] ReadMemory at 0x1cbf39e2ba0 of 132 bytes failed: Only part of a ReadProcessMemory or WriteProcessMemory request was completed. (0x12B)
[0601/013916.339:ERROR:process_memory_win.cc(73)] ReadMemory at 0x1cbf39e2cd0 of 132 bytes failed: Only part of a ReadProcessMemory or WriteProcessMemory request was completed. (0x12B)
[0601/013916.339:ERROR:process_memory_win.cc(73)] ReadMemory at 0x1cbf39e2e00 of 132 bytes failed: Only part of a ReadProcessMemory or WriteProcessMemory request was completed. (0x12B)
[0601/013916.339:ERROR:process_memory_win.cc(73)] ReadMemory at 0x1cbf39e2f30 of 132 bytes failed: Only part of a ReadProcessMemory or WriteProcessMemory request was completed. (0x12B)
[0601/013916.339:ERROR:process_memory_win.cc(73)] ReadMemory at 0x1cbf39e3060 of 132 bytes failed: Only part of a ReadProcessMemory or WriteProcessMemory request was completed. (0x12B)
[0601/013916.339:ERROR:process_memory_win.cc(73)] ReadMemory at 0x1cbf39e3190 of 132 bytes failed: Only part of a ReadProcessMemory or WriteProcessMemory request was completed. (0x12B)
[0601/013916.340:ERROR:process_memory_win.cc(73)] ReadMemory at 0x1cbf39e44b0 of 512 bytes failed: Only part of a ReadProcessMemory or WriteProcessMemory request was completed. (0x12B)
[0601/013916.340:ERROR:process_memory_win.cc(73)] ReadMemory at 0x1cbf39e4920 of 246 bytes failed: Only part of a ReadProcessMemory or WriteProcessMemory request was completed. (0x12B)
[0601/013916.340:ERROR:process_memory_win.cc(73)] ReadMemory at 0x1cbf39e4c70 of 154 bytes failed: Only part of a ReadProcessMemory or WriteProcessMemory request was completed. (0x12B)
[0601/013916.340:ERROR:process_memory_win.cc(73)] ReadMemory at 0x1cbf39e6580 of 132 bytes failed: Only part of a ReadProcessMemory or WriteProcessMemory request was completed. (0x12B)
[0601/013916.340:ERROR:process_memory_win.cc(73)] ReadMemory at 0x1cbf39e66b0 of 132 bytes failed: Only part of a ReadProcessMemory or WriteProcessMemory request was completed. (0x12B)
[0601/013916.340:ERROR:process_memory_win.cc(73)] ReadMemory at 0x1cbf39e67e0 of 132 bytes failed: Only part of a ReadProcessMemory or WriteProcessMemory request was completed. (0x12B)
[0601/013916.340:ERROR:process_memory_win.cc(73)] ReadMemory at 0x1cbf39e6910 of 132 bytes failed: Only part of a ReadProcessMemory or WriteProcessMemory request was completed. (0x12B)
[0601/013916.341:ERROR:process_memory_win.cc(73)] ReadMemory at 0x1cbf39e6a40 of 132 bytes failed: Only part of a ReadProcessMemory or WriteProcessMemory request was completed. (0x12B)
[0601/013916.341:ERROR:process_memory_win.cc(73)] ReadMemory at 0x1cbf39e6b70 of 132 bytes failed: Only part of a ReadProcessMemory or WriteProcessMemory request was completed. (0x12B)
[0601/013916.341:ERROR:process_memory_win.cc(73)] ReadMemory at 0x1cbf39e6ca0 of 132 bytes failed: Only part of a ReadProcessMemory or WriteProcessMemory request was completed. (0x12B)
[0601/013916.341:ERROR:process_memory_win.cc(73)] ReadMemory at 0x1cbf39e6dd0 of 132 bytes failed: Only part of a ReadProcessMemory or WriteProcessMemory request was completed. (0x12B)
[0601/013916.341:ERROR:process_memory_win.cc(73)] ReadMemory at 0x1cbf39e6f00 of 132 bytes failed: Only part of a ReadProcessMemory or WriteProcessMemory request was completed. (0x12B)
[0601/013916.341:ERROR:process_memory_win.cc(73)] ReadMemory at 0x1cbf39e7030 of 132 bytes failed: Only part of a ReadProcessMemory or WriteProcessMemory request was completed. (0x12B)
[0601/013916.341:ERROR:process_memory_win.cc(73)] ReadMemory at 0x1cbf39e7160 of 132 bytes failed: Only part of a ReadProcessMemory or WriteProcessMemory request was completed. (0x12B)
[0601/013916.341:ERROR:process_memory_win.cc(73)] ReadMemory at 0x1cbf39e7290 of 132 bytes failed: Only part of a ReadProcessMemory or WriteProcessMemory request was completed. (0x12B)
[0601/013916.342:ERROR:process_memory_win.cc(73)] ReadMemory at 0x1cbf39e73c0 of 132 bytes failed: Only part of a ReadProcessMemory or WriteProcessMemory request was completed. (0x12B)
[0601/013916.342:ERROR:process_memory_win.cc(73)] ReadMemory at 0x1cbf39e74f0 of 132 bytes failed: Only part of a ReadProcessMemory or WriteProcessMemory request was completed. (0x12B)
[0601/013916.342:ERROR:process_memory_win.cc(73)] ReadMemory at 0x1cbf39e7620 of 132 bytes failed: Only part of a ReadProcessMemory or WriteProcessMemory request was completed. (0x12B)
[0601/013916.342:ERROR:process_memory_win.cc(73)] ReadMemory at 0x1cbf39e7750 of 132 bytes failed: Only part of a ReadProcessMemory or WriteProcessMemory request was completed. (0x12B)
[0601/013916.342:ERROR:process_memory_win.cc(73)] ReadMemory at 0x1cbf39e79b0 of 132 bytes failed: Only part of a ReadProcessMemory or WriteProcessMemory request was completed. (0x12B)
[0601/013916.342:ERROR:process_memory_win.cc(73)] ReadMemory at 0x1cbf39e7ae0 of 132 bytes failed: Only part of a ReadProcessMemory or WriteProcessMemory request was completed. (0x12B)
[0601/013916.342:ERROR:process_memory_win.cc(73)] ReadMemory at 0x1cbf39e7c10 of 132 bytes failed: Only part of a ReadProcessMemory or WriteProcessMemory request was completed. (0x12B)
[0601/013916.342:ERROR:process_memory_win.cc(73)] ReadMemory at 0x1cbf39e7d40 of 132 bytes failed: Only part of a ReadProcessMemory or WriteProcessMemory request was completed. (0x12B)
[0601/013916.343:ERROR:process_memory_win.cc(73)] ReadMemory at 0x1cbf39e7e70 of 132 bytes failed: Only part of a ReadProcessMemory or WriteProcessMemory request was completed. (0x12B)
[0601/013916.343:ERROR:process_memory_win.cc(73)] ReadMemory at 0x1cbf39e7fa0 of 132 bytes failed: Only part of a ReadProcessMemory or WriteProcessMemory request was completed. (0x12B)
[0601/013916.343:ERROR:process_memory_win.cc(73)] ReadMemory at 0x1cbf39e80d0 of 132 bytes failed: Only part of a ReadProcessMemory or WriteProcessMemory request was completed. (0x12B)
[0601/013916.343:ERROR:process_memory_win.cc(73)] ReadMemory at 0x1cbf39e8200 of 132 bytes failed: Only part of a ReadProcessMemory or WriteProcessMemory request was completed. (0x12B)
[0601/013916.343:ERROR:process_memory_win.cc(73)] ReadMemory at 0x1cbf39e8330 of 132 bytes failed: Only part of a ReadProcessMemory or WriteProcessMemory request was completed. (0x12B)
[0601/013916.343:ERROR:process_memory_win.cc(73)] ReadMemory at 0x1cbf39e9fd0 of 80 bytes failed: Only part of a ReadProcessMemory or WriteProcessMemory request was completed. (0x12B)
[0601/013916.343:ERROR:process_memory_win.cc(73)] ReadMemory at 0x1cbf39eb010 of 58 bytes failed: Only part of a ReadProcessMemory or WriteProcessMemory request was completed. (0x12B)
[0601/013916.343:ERROR:process_memory_win.cc(73)] ReadMemory at 0x1cbf39eb100 of 66 bytes failed: Only part of a ReadProcessMemory or WriteProcessMemory request was completed. (0x12B)
[0601/013916.344:ERROR:process_memory_win.cc(73)] ReadMemory at 0x1cbf39eb240 of 58 bytes failed: Only part of a ReadProcessMemory or WriteProcessMemory request was completed. (0x12B)
[0601/013916.344:ERROR:process_memory_win.cc(73)] ReadMemory at 0x1cbf39eb470 of 60 bytes failed: Only part of a ReadProcessMemory or WriteProcessMemory request was completed. (0x12B)
[0601/013916.344:ERROR:process_memory_win.cc(73)] ReadMemory at 0x1cbf39eb6f0 of 64 bytes failed: Only part of a ReadProcessMemory or WriteProcessMemory request was completed. (0x12B)
[0601/013916.344:ERROR:process_memory_win.cc(73)] ReadMemory at 0x1cbf39eb8d0 of 64 bytes failed: Only part of a ReadProcessMemory or WriteProcessMemory request was completed. (0x12B)
[0601/013916.344:ERROR:process_memory_win.cc(73)] ReadMemory at 0x1cbf39eb970 of 60 bytes failed: Only part of a ReadProcessMemory or WriteProcessMemory request was completed. (0x12B)
[0601/013916.344:ERROR:process_memory_win.cc(73)] ReadMemory at 0x1cbf39eb9c0 of 62 bytes failed: Only part of a ReadProcessMemory or WriteProcessMemory request was completed. (0x12B)
[0601/013916.344:ERROR:process_memory_win.cc(73)] ReadMemory at 0x1cbf39eba10 of 64 bytes failed: Only part of a ReadProcessMemory or WriteProcessMemory request was completed. (0x12B)
[0601/013916.344:ERROR:process_memory_win.cc(73)] ReadMemory at 0x1cbf39eba60 of 64 bytes failed: Only part of a ReadProcessMemory or WriteProcessMemory request was completed. (0x12B)
[0601/013916.344:ERROR:process_memory_win.cc(73)] ReadMemory at 0x1cbf39f1240 of 54 bytes failed: Only part of a ReadProcessMemory or WriteProcessMemory request was completed. (0x12B)
[0601/013916.345:ERROR:process_memory_win.cc(73)] ReadMemory at 0x1cbf39fadf0 of 60 bytes failed: Only part of a ReadProcessMemory or WriteProcessMemory request was completed. (0x12B)
[0601/013916.345:ERROR:process_memory_win.cc(73)] ReadMemory at 0x1cbf39fb0c0 of 60 bytes failed: Only part of a ReadProcessMemory or WriteProcessMemory request was completed. (0x12B)
[0601/013916.345:ERROR:process_memory_win.cc(73)] ReadMemory at 0x1cbf39fb110 of 64 bytes failed: Only part of a ReadProcessMemory or WriteProcessMemory request was completed. (0x12B)
[0601/013916.345:ERROR:process_memory_win.cc(73)] ReadMemory at 0x1cbf39fb340 of 64 bytes failed: Only part of a ReadProcessMemory or WriteProcessMemory request was completed. (0x12B)
[0601/013916.345:ERROR:process_memory_win.cc(73)] ReadMemory at 0x1cbf39fb390 of 58 bytes failed: Only part of a ReadProcessMemory or WriteProcessMemory request was completed. (0x12B)
[0601/013916.345:ERROR:process_memory_win.cc(73)] ReadMemory at 0x1cbf39fb3e0 of 62 bytes failed: Only part of a ReadProcessMemory or WriteProcessMemory request was completed. (0x12B)
[0601/013916.345:ERROR:process_memory_win.cc(73)] ReadMemory at 0x1cbf39fb610 of 62 bytes failed: Only part of a ReadProcessMemory or WriteProcessMemory request was completed. (0x12B)
[0601/013916.345:ERROR:process_memory_win.cc(73)] ReadMemory at 0x1cbf39fb890 of 60 bytes failed: Only part of a ReadProcessMemory or WriteProcessMemory request was completed. (0x12B)
[0601/013916.346:ERROR:process_memory_win.cc(73)] ReadMemory at 0x1cbf39fb930 of 62 bytes failed: Only part of a ReadProcessMemory or WriteProcessMemory request was completed. (0x12B)
[0601/013916.346:ERROR:process_memory_win.cc(73)] ReadMemory at 0x1cbf39fb980 of 60 bytes failed: Only part of a ReadProcessMemory or WriteProcessMemory request was completed. (0x12B)
[0601/013916.346:ERROR:process_memory_win.cc(73)] ReadMemory at 0x1cbf39fbb10 of 62 bytes failed: Only part of a ReadProcessMemory or WriteProcessMemory request was completed. (0x12B)
[0601/013916.346:ERROR:process_memory_win.cc(73)] ReadMemory at 0x1cbf39fbb60 of 64 bytes failed: Only part of a ReadProcessMemory or WriteProcessMemory request was completed. (0x12B)
[0601/013916.346:ERROR:process_memory_win.cc(73)] ReadMemory at 0x1cbf39fbbb0 of 56 bytes failed: Only part of a ReadProcessMemory or WriteProcessMemory request was completed. (0x12B)
[0601/013916.346:ERROR:process_memory_win.cc(73)] ReadMemory at 0x1cbf39fbc50 of 62 bytes failed: Only part of a ReadProcessMemory or WriteProcessMemory request was completed. (0x12B)
[0601/013916.346:ERROR:process_memory_win.cc(73)] ReadMemory at 0x1cbf39fbcf0 of 64 bytes failed: Only part of a ReadProcessMemory or WriteProcessMemory request was completed. (0x12B)
[0601/013916.346:ERROR:process_memory_win.cc(73)] ReadMemory at 0x1cbf39fc010 of 132 bytes failed: Only part of a ReadProcessMemory or WriteProcessMemory request was completed. (0x12B)
[0601/013916.347:ERROR:process_memory_win.cc(73)] ReadMemory at 0x1cbf39fc140 of 132 bytes failed: Only part of a ReadProcessMemory or WriteProcessMemory request was completed. (0x12B)
[0601/013916.347:ERROR:process_memory_win.cc(73)] ReadMemory at 0x1cbf39fc990 of 132 bytes failed: Only part of a ReadProcessMemory or WriteProcessMemory request was completed. (0x12B)
[0601/013916.347:ERROR:process_memory_win.cc(73)] ReadMemory at 0x1cbf39fcac0 of 132 bytes failed: Only part of a ReadProcessMemory or WriteProcessMemory request was completed. (0x12B)
[0601/013916.347:ERROR:process_memory_win.cc(73)] ReadMemory at 0x1cbf39fcf80 of 132 bytes failed: Only part of a ReadProcessMemory or WriteProcessMemory request was completed. (0x12B)
[0601/013916.347:ERROR:process_memory_win.cc(73)] ReadMemory at 0x1cbf3a0cf10 of 512 bytes failed: Only part of a ReadProcessMemory or WriteProcessMemory request was completed. (0x12B)
[0601/013916.347:ERROR:process_memory_win.cc(73)] ReadMemory at 0x1cbf3a0df50 of 512 bytes failed: Only part of a ReadProcessMemory or WriteProcessMemory request was completed. (0x12B)
[0601/013916.347:ERROR:process_memory_win.cc(73)] ReadMemory at 0x1cbf4140000 of 384 bytes failed: Only part of a ReadProcessMemory or WriteProcessMemory request was completed. (0x12B)
[0601/013916.347:ERROR:process_memory_win.cc(73)] ReadMemory at 0x1cbf4189090 of 512 bytes failed: Only part of a ReadProcessMemory or WriteProcessMemory request was completed. (0x12B)
[0601/013916.347:ERROR:process_memory_win.cc(73)] ReadMemory at 0x1cbf418daf0 of 512 bytes failed: Only part of a ReadProcessMemory or WriteProcessMemory request was completed. (0x12B)
[0601/013916.348:ERROR:process_memory_win.cc(73)] ReadMemory at 0x1cbf419e3c0 of 512 bytes failed: Only part of a ReadProcessMemory or WriteProcessMemory request was completed. (0x12B)
[0601/013916.348:ERROR:process_memory_win.cc(73)] ReadMemory at 0x1cbf41a8ac0 of 512 bytes failed: Only part of a ReadProcessMemory or WriteProcessMemory request was completed. (0x12B)
[0601/013916.348:ERROR:process_memory_win.cc(73)] ReadMemory at 0x1cbf41a99d0 of 512 bytes failed: Only part of a ReadProcessMemory or WriteProcessMemory request was completed. (0x12B)
[0601/013916.348:ERROR:process_memory_win.cc(73)] ReadMemory at 0x1cbf41aab50 of 512 bytes failed: Only part of a ReadProcessMemory or WriteProcessMemory request was completed. (0x12B)
[0601/013916.348:ERROR:process_memory_win.cc(73)] ReadMemory at 0x1cbf42a0000 of 384 bytes failed: Only part of a ReadProcessMemory or WriteProcessMemory request was completed. (0x12B)
[0601/013916.348:ERROR:process_memory_win.cc(73)] ReadMemory at 0x7ff83febd4c0 of 512 bytes failed: Only part of a ReadProcessMemory or WriteProcessMemory request was completed. (0x12B)
[0601/013916.348:ERROR:process_memory_win.cc(73)] ReadMemory at 0x7ff83febec10 of 512 bytes failed: Only part of a ReadProcessMemory or WriteProcessMemory request was completed. (0x12B)
[0601/013916.349:ERROR:process_memory_win.cc(73)] ReadMemory at 0x7ff83ff63ff0 of 512 bytes failed: Only part of a ReadProcessMemory or WriteProcessMemory request was completed. (0x12B)
[0601/013916.349:ERROR:process_memory_win.cc(73)] ReadMemory at 0x7ff88f7da308 of 512 bytes failed: Only part of a ReadProcessMemory or WriteProcessMemory request was completed. (0x12B)
[0601/013916.349:ERROR:process_memory_win.cc(73)] ReadMemory at 0x7ff891200e00 of 512 bytes failed: Only part of a ReadProcessMemory or WriteProcessMemory request was completed. (0x12B)
[0601/013916.349:ERROR:process_memory_win.cc(73)] ReadMemory at 0x7ff8927079f0 of 512 bytes failed: Only part of a ReadProcessMemory or WriteProcessMemory request was completed. (0x12B)
[0601/013916.349:ERROR:process_memory_win.cc(73)] ReadMemory at 0x7ff8927082e0 of 512 bytes failed: Only part of a ReadProcessMemory or WriteProcessMemory request was completed. (0x12B)
[0601/013916.349:ERROR:process_memory_win.cc(73)] ReadMemory at 0x7ff89270a0d0 of 512 bytes failed: Only part of a ReadProcessMemory or WriteProcessMemory request was completed. (0x12B)
[0601/013916.349:ERROR:process_memory_win.cc(73)] ReadMemory at 0x7ff892750e4c of 512 bytes failed: Only part of a ReadProcessMemory or WriteProcessMemory request was completed. (0x12B)
[0601/013916.350:ERROR:process_memory_win.cc(73)] ReadMemory at 0x7ff89277a9a4 of 672 bytes failed: Only part of a ReadProcessMemory or WriteProcessMemory request was completed. (0x12B)
[0601/013916.350:ERROR:process_memory_win.cc(73)] ReadMemory at 0x7ff89277afa4 of 512 bytes failed: Only part of a ReadProcessMemory or WriteProcessMemory request was completed. (0x12B)
[0601/013916.350:ERROR:process_memory_win.cc(73)] ReadMemory at 0x7ff89277e274 of 512 bytes failed: Only part of a ReadProcessMemory or WriteProcessMemory request was completed. (0x12B)
[0601/013916.350:ERROR:process_memory_win.cc(73)] ReadMemory at 0x7ff8927f9380 of 512 bytes failed: Only part of a ReadProcessMemory or WriteProcessMemory request was completed. (0x12B)
[0601/013916.350:ERROR:process_memory_win.cc(73)] ReadMemory at 0x7ff8928001e0 of 18 bytes failed: Only part of a ReadProcessMemory or WriteProcessMemory request was completed. (0x12B)
[0601/013916.350:ERROR:process_memory_win.cc(73)] ReadMemory at 0x7ff8928365b0 of 40 bytes failed: Only part of a ReadProcessMemory or WriteProcessMemory request was completed. (0x12B)
[0601/013916.350:ERROR:process_memory_win.cc(73)] ReadMemory at 0x7ff892836a08 of 48 bytes failed: Only part of a ReadProcessMemory or WriteProcessMemory request was completed. (0x12B)
[0601/013916.350:ERROR:process_memory_win.cc(73)] ReadMemory at 0x7ff8928396b0 of 512 bytes failed: Only part of a ReadProcessMemory or WriteProcessMemory request was completed. (0x12B)
[0601/013916.350:ERROR:process_memory_win.cc(73)] ReadMemory at 0x7ff89283c360 of 64 bytes failed: Only part of a ReadProcessMemory or WriteProcessMemory request was completed. (0x12B)
[0601/013916.354:ERROR:scoped_process_suspend.cc(40)] NtResumeProcess: An attempt was made to access an exiting process. (0xc000010a)
